android/app/build/intermediates/manifest_merge_blame_file/release/manifest-merger-blame-release-report.txt
1<?xml version="1.0" encoding="utf-8"?>
2<manifest xmlns:android="http://schemas.android.com/apk/res/android"
3    package="com.endyapina.project_july"
4    android:versionCode="1"
5    android:versionName="1.0.0" >
6
7    <uses-sdk
8        android:minSdkVersion="21"
8-->src/main/AndroidManifest.xml
9        android:targetSdkVersion="28" />
9-->src/main/AndroidManifest.xml
10
11    <uses-permission android:name="android.permission.INTERNET" />
11-->src/main/AndroidManifest.xml:2:3-64
11-->src/main/AndroidManifest.xml:2:20-62
12    <uses-permission android:name="android.permission.SYSTEM_ALERT_WINDOW" />
12-->src/main/AndroidManifest.xml:3:3-75
12-->src/main/AndroidManifest.xml:3:20-73
13    <uses-permission android:name="android.permission.MANAGE_DOCUMENTS" />
13-->src/main/AndroidManifest.xml:4:3-72
13-->src/main/AndroidManifest.xml:4:20-70
14    <uses-permission android:name="android.permission.READ_INTERNAL_STORAGE" />
14-->src/main/AndroidManifest.xml:5:3-77
14-->src/main/AndroidManifest.xml:5:20-75
15    <uses-permission android:name="android.permission.READ_PHONE_STATE" />
15-->src/main/AndroidManifest.xml:6:3-72
15-->src/main/AndroidManifest.xml:6:20-70
16    <uses-permission android:name="android.permission.USE_FINGERPRINT" />
16-->src/main/AndroidManifest.xml:7:3-71
16-->src/main/AndroidManifest.xml:7:20-69
17    <uses-permission android:name="android.permission.VIBRATE" />
17-->src/main/AndroidManifest.xml:8:3-63
17-->src/main/AndroidManifest.xml:8:20-61
18    <uses-permission android:name="android.permission.MODIFY_AUDIO_SETTINGS" />
18-->src/main/AndroidManifest.xml:9:3-77
18-->src/main/AndroidManifest.xml:9:20-75
19    <uses-permission android:name="android.permission.ACCESS_COARSE_LOCATION" />
19-->src/main/AndroidManifest.xml:10:3-78
19-->src/main/AndroidManifest.xml:10:20-76
20    <uses-permission android:name="android.permission.ACCESS_FINE_LOCATION" />
20-->src/main/AndroidManifest.xml:11:3-76
20-->src/main/AndroidManifest.xml:11:20-74
21    <uses-permission android:name="android.permission.CAMERA" />
21-->src/main/AndroidManifest.xml:12:3-62
21-->src/main/AndroidManifest.xml:12:20-60
22    <uses-permission android:name="android.permission.READ_CONTACTS" />
22-->src/main/AndroidManifest.xml:13:3-69
22-->src/main/AndroidManifest.xml:13:20-67
23    <uses-permission android:name="android.permission.READ_CALENDAR" />
23-->src/main/AndroidManifest.xml:14:3-69
23-->src/main/AndroidManifest.xml:14:20-67
24    <uses-permission android:name="android.permission.WRITE_CALENDAR" />
24-->src/main/AndroidManifest.xml:15:3-70
24-->src/main/AndroidManifest.xml:15:20-68
25    <uses-permission android:name="android.permission.READ_EXTERNAL_STORAGE" />
25-->src/main/AndroidManifest.xml:16:3-77
25-->src/main/AndroidManifest.xml:16:20-75
26    <uses-permission android:name="android.permission.RECORD_AUDIO" />
26-->src/main/AndroidManifest.xml:17:3-68
26-->src/main/AndroidManifest.xml:17:20-66
27    <uses-permission android:name="android.permission.WRITE_EXTERNAL_STORAGE" />
27-->src/main/AndroidManifest.xml:18:3-78
27-->src/main/AndroidManifest.xml:18:20-76
28    <uses-permission android:name="android.permission.WRITE_SETTINGS" />
28-->src/main/AndroidManifest.xml:19:3-70
28-->src/main/AndroidManifest.xml:19:20-68
29    <uses-permission android:name="android.permission.ACCESS_NETWORK_STATE" />
29-->src/main/AndroidManifest.xml:20:3-76
29-->src/main/AndroidManifest.xml:20:20-74
30    <uses-permission android:name="android.permission.WAKE_LOCK" />
30-->src/main/AndroidManifest.xml:21:3-65
30-->src/main/AndroidManifest.xml:21:20-63
31    <uses-permission android:name="com.google.android.c2dm.permission.RECEIVE" />
31-->src/main/AndroidManifest.xml:22:3-79
31-->src/main/AndroidManifest.xml:22:20-77
32    <uses-permission android:name="android.permission.STORAGE" />
32-->[:expo-file-system] AndroidManifest.xml:15:5-66
32-->[:expo-file-system] AndroidManifest.xml:15:22-63
33    <uses-permission android:name="android.permission.FOREGROUND_SERVICE" />
33-->[:expo-location] AndroidManifest.xml:13:5-77
33-->[:expo-location] AndroidManifest.xml:13:22-74
34
35    <uses-feature
35-->[com.google.android.gms:play-services-maps:17.0.0] AndroidManifest.xml:26:5-28:35
36        android:glEsVersion="0x00020000"
36-->[com.google.android.gms:play-services-maps:17.0.0] AndroidManifest.xml:27:9-41
37        android:required="true" />
37-->[com.google.android.gms:play-services-maps:17.0.0] AndroidManifest.xml:28:9-32
38
39    <uses-permission android:name="com.google.android.providers.gsf.permission.READ_GSERVICES" />
39-->[io.nlopez.smartlocation:library:3.2.11] AndroidManifest.xml:15:5-98
39-->[io.nlopez.smartlocation:library:3.2.11] AndroidManifest.xml:15:22-95
40    <uses-permission android:name="com.google.android.gms.permission.ACTIVITY_RECOGNITION" />
40-->[io.nlopez.smartlocation:library:3.2.11] AndroidManifest.xml:16:5-94
40-->[io.nlopez.smartlocation:library:3.2.11] AndroidManifest.xml:16:22-91
41
42    <application
42-->src/main/AndroidManifest.xml:23:3-37:17
43        android:name="com.endyapina.project_july.MainApplication"
43-->src/main/AndroidManifest.xml:23:16-47
44        android:allowBackup="false"
44-->src/main/AndroidManifest.xml:23:162-189
45        android:appComponentFactory="androidx.core.app.CoreComponentFactory"
45-->[androidx.core:core:1.1.0] AndroidManifest.xml:24:18-86
46        android:icon="@mipmap/ic_launcher"
46-->src/main/AndroidManifest.xml:23:81-115
47        android:label="@string/app_name"
47-->src/main/AndroidManifest.xml:23:48-80
48        android:roundIcon="@mipmap/ic_launcher_round"
48-->src/main/AndroidManifest.xml:23:116-161
49        android:theme="@style/AppTheme" >
49-->src/main/AndroidManifest.xml:23:190-221
50        <meta-data
50-->src/main/AndroidManifest.xml:24:5-126
51            android:name="expo.modules.updates.EXPO_UPDATE_URL"
51-->src/main/AndroidManifest.xml:24:16-67
52            android:value="https://exp.host/@endyapina/project_july" />
52-->src/main/AndroidManifest.xml:24:68-124
53        <meta-data
53-->src/main/AndroidManifest.xml:25:5-93
54            android:name="expo.modules.updates.EXPO_SDK_VERSION"
54-->src/main/AndroidManifest.xml:25:16-68
55            android:value="38.0.0" />
55-->src/main/AndroidManifest.xml:25:69-91
56        <meta-data
56-->src/main/AndroidManifest.xml:26:5-82
57            android:name="expo.modules.updates.ENABLED"
57-->src/main/AndroidManifest.xml:26:16-59
58            android:value="true" />
58-->src/main/AndroidManifest.xml:26:60-80
59        <meta-data
59-->src/main/AndroidManifest.xml:27:5-119
60            android:name="com.google.android.geo.API_KEY"
60-->src/main/AndroidManifest.xml:27:16-61
61            android:value="AIzaSyA1n8uqS1Fn9PV2G-tmOjpRcjKcY7_QXk0" />
61-->src/main/AndroidManifest.xml:27:62-117
62        <meta-data
62-->src/main/AndroidManifest.xml:28:5-105
63            android:name="expo.modules.updates.EXPO_UPDATES_CHECK_ON_LAUNCH"
63-->src/main/AndroidManifest.xml:28:16-80
64            android:value="ALWAYS" />
64-->src/main/AndroidManifest.xml:28:81-103
65        <meta-data
65-->src/main/AndroidManifest.xml:29:5-99
66            android:name="expo.modules.updates.EXPO_UPDATES_LAUNCH_WAIT_MS"
66-->src/main/AndroidManifest.xml:29:16-79
67            android:value="0" />
67-->src/main/AndroidManifest.xml:29:80-97
68
69        <activity
69-->src/main/AndroidManifest.xml:30:5-35:16
70            android:name="com.endyapina.project_july.MainActivity"
70-->src/main/AndroidManifest.xml:30:15-43
71            android:configChanges="keyboard|keyboardHidden|orientation|screenSize|uiMode"
71-->src/main/AndroidManifest.xml:30:77-154
72            android:label="@string/app_name"
72-->src/main/AndroidManifest.xml:30:44-76
73            android:launchMode="singleTask"
73-->src/main/AndroidManifest.xml:30:155-186
74            android:screenOrientation="portrait"
74-->src/main/AndroidManifest.xml:30:276-312
75            android:theme="@style/Theme.App.SplashScreen"
75-->src/main/AndroidManifest.xml:30:230-275
76            android:windowSoftInputMode="adjustResize" >
76-->src/main/AndroidManifest.xml:30:187-229
77            <intent-filter>
77-->src/main/AndroidManifest.xml:31:7-34:23
78                <action android:name="android.intent.action.MAIN" />
78-->src/main/AndroidManifest.xml:32:9-60
78-->src/main/AndroidManifest.xml:32:17-58
79
80                <category android:name="android.intent.category.LAUNCHER" />
80-->src/main/AndroidManifest.xml:33:9-68
80-->src/main/AndroidManifest.xml:33:19-66
81            </intent-filter>
82        </activity>
83        <activity android:name="com.facebook.react.devsupport.DevSettingsActivity" />
83-->src/main/AndroidManifest.xml:36:5-81
83-->src/main/AndroidManifest.xml:36:15-79
84
85        <meta-data
85-->[:unimodules-react-native-adapter] AndroidManifest.xml:12:9-14:91
86            android:name="org.unimodules.core.AppLoader#react-native-headless"
86-->[:unimodules-react-native-adapter] AndroidManifest.xml:13:13-79
87            android:value="org.unimodules.adapters.react.apploader.RNHeadlessAppLoader" />
87-->[:unimodules-react-native-adapter] AndroidManifest.xml:14:13-88
88
89        <provider
89-->[:expo-file-system] AndroidManifest.xml:18:9-27:20
90            android:name="expo.modules.filesystem.FileSystemFileProvider"
90-->[:expo-file-system] AndroidManifest.xml:19:13-74
91            android:authorities="com.endyapina.project_july.FileSystemFileProvider"
91-->[:expo-file-system] AndroidManifest.xml:20:13-74
92            android:exported="false"
92-->[:expo-file-system] AndroidManifest.xml:21:13-37
93            android:grantUriPermissions="true" >
93-->[:expo-file-system] AndroidManifest.xml:22:13-47
94            <meta-data
94-->[:expo-file-system] AndroidManifest.xml:24:13-26:70
95                android:name="android.support.FILE_PROVIDER_PATHS"
95-->[:expo-file-system] AndroidManifest.xml:25:17-67
96                android:resource="@xml/file_system_provider_paths" />
96-->[:expo-file-system] AndroidManifest.xml:26:17-67
97        </provider>
98
99        <service
99-->[:expo-location] AndroidManifest.xml:16:9-18:40
100            android:name="expo.modules.location.services.LocationTaskService"
100-->[:expo-location] AndroidManifest.xml:17:13-78
101            android:exported="false" /> <!-- Needs to be explicitly declared on P+ -->
101-->[:expo-location] AndroidManifest.xml:18:13-37
102        <uses-library
102-->[com.google.android.gms:play-services-maps:17.0.0] AndroidManifest.xml:33:9-35:40
103            android:name="org.apache.http.legacy"
103-->[com.google.android.gms:play-services-maps:17.0.0] AndroidManifest.xml:34:13-50
104            android:required="false" />
104-->[com.google.android.gms:play-services-maps:17.0.0] AndroidManifest.xml:35:13-37
105
106        <activity
106-->[com.google.android.gms:play-services-auth:19.0.0] AndroidManifest.xml:23:9-27:75
107            android:name="com.google.android.gms.auth.api.signin.internal.SignInHubActivity"
107-->[com.google.android.gms:play-services-auth:19.0.0] AndroidManifest.xml:24:13-93
108            android:excludeFromRecents="true"
108-->[com.google.android.gms:play-services-auth:19.0.0] AndroidManifest.xml:25:13-46
109            android:exported="false"
109-->[com.google.android.gms:play-services-auth:19.0.0] AndroidManifest.xml:26:13-37
110            android:theme="@android:style/Theme.Translucent.NoTitleBar" />
110-->[com.google.android.gms:play-services-auth:19.0.0] AndroidManifest.xml:27:13-72
111        <!--
112            Service handling Google Sign-In user revocation. For apps that do not integrate with
113            Google Sign-In, this service will never be started.
114        -->
115        <service
115-->[com.google.android.gms:play-services-auth:19.0.0] AndroidManifest.xml:33:9-37:51
116            android:name="com.google.android.gms.auth.api.signin.RevocationBoundService"
116-->[com.google.android.gms:play-services-auth:19.0.0] AndroidManifest.xml:34:13-89
117            android:exported="true"
117-->[com.google.android.gms:play-services-auth:19.0.0] AndroidManifest.xml:35:13-36
118            android:permission="com.google.android.gms.auth.api.signin.permission.REVOCATION_NOTIFICATION"
118-->[com.google.android.gms:play-services-auth:19.0.0] AndroidManifest.xml:36:13-107
119            android:visibleToInstantApps="true" />
119-->[com.google.android.gms:play-services-auth:19.0.0] AndroidManifest.xml:37:13-48
120
121        <activity
121-->[com.google.android.gms:play-services-base:17.1.0] AndroidManifest.xml:23:9-26:75
122            android:name="com.google.android.gms.common.api.GoogleApiActivity"
122-->[com.google.android.gms:play-services-base:17.1.0] AndroidManifest.xml:24:13-79
123            android:exported="false"
123-->[com.google.android.gms:play-services-base:17.1.0] AndroidManifest.xml:25:13-37
124            android:theme="@android:style/Theme.Translucent.NoTitleBar" />
124-->[com.google.android.gms:play-services-base:17.1.0] AndroidManifest.xml:26:13-72
125
126        <meta-data
126-->[com.google.android.gms:play-services-basement:17.1.1] AndroidManifest.xml:23:9-25:69
127            android:name="com.google.android.gms.version"
127-->[com.google.android.gms:play-services-basement:17.1.1] AndroidManifest.xml:24:13-58
128            android:value="@integer/google_play_services_version" />
128-->[com.google.android.gms:play-services-basement:17.1.1] AndroidManifest.xml:25:13-66
129
130        <service
130-->[androidx.room:room-runtime:2.1.0] AndroidManifest.xml:25:9-27:40
131            android:name="androidx.room.MultiInstanceInvalidationService"
131-->[androidx.room:room-runtime:2.1.0] AndroidManifest.xml:26:13-74
132            android:exported="false" />
132-->[androidx.room:room-runtime:2.1.0] AndroidManifest.xml:27:13-37
133        <service
133-->[io.nlopez.smartlocation:library:3.2.11] AndroidManifest.xml:19:9-21:40
134            android:name="io.nlopez.smartlocation.activity.providers.ActivityGooglePlayServicesProvider$ActivityRecognitionService"
134-->[io.nlopez.smartlocation:library:3.2.11] AndroidManifest.xml:20:13-132
135            android:exported="false" />
135-->[io.nlopez.smartlocation:library:3.2.11] AndroidManifest.xml:21:13-37
136        <service
136-->[io.nlopez.smartlocation:library:3.2.11] AndroidManifest.xml:22:9-24:40
137            android:name="io.nlopez.smartlocation.geofencing.providers.GeofencingGooglePlayServicesProvider$GeofencingService"
137-->[io.nlopez.smartlocation:library:3.2.11] AndroidManifest.xml:23:13-127
138            android:exported="false" />
138-->[io.nlopez.smartlocation:library:3.2.11] AndroidManifest.xml:24:13-37
139        <service
139-->[io.nlopez.smartlocation:library:3.2.11] AndroidManifest.xml:25:9-27:40
140            android:name="io.nlopez.smartlocation.geocoding.providers.AndroidGeocodingProvider$AndroidGeocodingService"
140-->[io.nlopez.smartlocation:library:3.2.11] AndroidManifest.xml:26:13-120
141            android:exported="false" />
141-->[io.nlopez.smartlocation:library:3.2.11] AndroidManifest.xml:27:13-37
142    </application>
143
144</manifest>